[2023-01-29 22:58:41,527] INFO Registered kafka:type=kafka.Log4jController MBean (kafka.utils.Log4jControllerRegistration$)
[2023-01-29 22:58:41,810] INFO Setting -D jdk.tls.rejectClientInitiatedRenegotiation=true to disable client-initiated TLS renegotiation (org.apache.zookeeper.common.X509Util)
[2023-01-29 22:58:41,892] INFO Registered signal handlers for TERM, INT, HUP (org.apache.kafka.common.utils.LoggingSignalHandler)
[2023-01-29 22:58:41,894] INFO starting (kafka.server.KafkaServer)
[2023-01-29 22:58:41,894] INFO Connecting to zookeeper on localhost:49618 (kafka.server.KafkaServer)
[2023-01-29 22:58:41,905] INFO [ZooKeeperClient Kafka server] Initializing a new session to localhost:49618. (kafka.zookeeper.ZooKeeperClient)
[2023-01-29 22:58:41,909] INFO Client environment:zookeeper.version=3.5.9-83df9301aa5c2a5d284a9940177808c01bc35cef, built on 01/06/2021 20:03 GMT (org.apache.zookeeper.ZooKeeper)
[2023-01-29 22:58:41,909] INFO Client environment:host.name=192.168.29.91 (org.apache.zookeeper.ZooKeeper)
[2023-01-29 22:58:41,909] INFO Client environment:java.version=11.0.16.1 (org.apache.zookeeper.ZooKeeper)
[2023-01-29 22:58:41,909] INFO Client environment:java.vendor=Homebrew (org.apache.zookeeper.ZooKeeper)
[2023-01-29 22:58:41,909] INFO Client environment:java.home=/opt/homebrew/Cellar/openjdk@11/11.0.16.1_1/libexec/openjdk.jdk/Contents/Home (org.apache.zookeeper.ZooKeeper)
[2023-01-29 22:58:41,909] INFO Client environment:java.class.path=/Users/pvemula/Desktop/conf/librdkafka/tmp-KafkaCluster/KafkaCluster/KafkaBrokerApp/kafka/2.8.1/bin/../libs/activation-1.1.1.jar:/Users/pvemula/Desktop/conf/librdkafka/tmp-KafkaCluster/KafkaCluster/KafkaBrokerApp/kafka/2.8.1/bin/../libs/aopalliance-repackaged-2.6.1.jar:/Users/pvemula/Desktop/conf/librdkafka/tmp-KafkaCluster/KafkaCluster/KafkaBrokerApp/kafka/2.8.1/bin/../libs/argparse4j-0.7.0.jar:/Users/pvemula/Desktop/conf/librdkafka/tmp-KafkaCluster/KafkaCluster/KafkaBrokerApp/kafka/2.8.1/bin/../libs/audience-annotations-0.5.0.jar:/Users/pvemula/Desktop/conf/librdkafka/tmp-KafkaCluster/KafkaCluster/KafkaBrokerApp/kafka/2.8.1/bin/../libs/commons-cli-1.4.jar:/Users/pvemula/Desktop/conf/librdkafka/tmp-KafkaCluster/KafkaCluster/KafkaBrokerApp/kafka/2.8.1/bin/../libs/commons-lang3-3.8.1.jar:/Users/pvemula/Desktop/conf/librdkafka/tmp-KafkaCluster/KafkaCluster/KafkaBrokerApp/kafka/2.8.1/bin/../libs/connect-api-2.8.1.jar:/Users/pvemula/Desktop/conf/librdkafka/tmp-KafkaCluster/KafkaCluster/KafkaBrokerApp/kafka/2.8.1/bin/../libs/connect-basic-auth-extension-2.8.1.jar:/Users/pvemula/Desktop/conf/librdkafka/tmp-KafkaCluster/KafkaCluster/KafkaBrokerApp/kafka/2.8.1/bin/../libs/connect-file-2.8.1.jar:/Users/pvemula/Desktop/conf/librdkafka/tmp-KafkaCluster/KafkaCluster/KafkaBrokerApp/kafka/2.8.1/bin/../libs/connect-json-2.8.1.jar:/Users/pvemula/Desktop/conf/librdkafka/tmp-KafkaCluster/KafkaCluster/KafkaBrokerApp/kafka/2.8.1/bin/../libs/connect-mirror-2.8.1.jar:/Users/pvemula/Desktop/conf/librdkafka/tmp-KafkaCluster/KafkaCluster/KafkaBrokerApp/kafka/2.8.1/bin/../libs/connect-mirror-client-2.8.1.jar:/Users/pvemula/Desktop/conf/librdkafka/tmp-KafkaCluster/KafkaCluster/KafkaBrokerApp/kafka/2.8.1/bin/../libs/connect-runtime-2.8.1.jar:/Users/pvemula/Desktop/conf/librdkafka/tmp-KafkaCluster/KafkaCluster/KafkaBrokerApp/kafka/2.8.1/bin/../libs/connect-transforms-2.8.1.jar:/Users/pvemula/Desktop/conf/librdkafka/tmp-KafkaCluster/KafkaCluster/KafkaBrokerApp/kafka/2.8.1/bin/../libs/hk2-api-2.6.1.jar:/Users/pvemula/Desktop/conf/librdkafka/tmp-KafkaCluster/KafkaCluster/KafkaBrokerApp/kafka/2.8.1/bin/../libs/hk2-locator-2.6.1.jar:/Users/pvemula/Desktop/conf/librdkafka/tmp-KafkaCluster/KafkaCluster/KafkaBrokerApp/kafka/2.8.1/bin/../libs/hk2-utils-2.6.1.jar:/Users/pvemula/Desktop/conf/librdkafka/tmp-KafkaCluster/KafkaCluster/KafkaBrokerApp/kafka/2.8.1/bin/../libs/jackson-annotations-2.10.5.jar:/Users/pvemula/Desktop/conf/librdkafka/tmp-KafkaCluster/KafkaCluster/KafkaBrokerApp/kafka/2.8.1/bin/../libs/jackson-core-2.10.5.jar:/Users/pvemula/Desktop/conf/librdkafka/tmp-KafkaCluster/KafkaCluster/KafkaBrokerApp/kafka/2.8.1/bin/../libs/jackson-databind-2.10.5.1.jar:/Users/pvemula/Desktop/conf/librdkafka/tmp-KafkaCluster/KafkaCluster/KafkaBrokerApp/kafka/2.8.1/bin/../libs/jackson-dataformat-csv-2.10.5.jar:/Users/pvemula/Desktop/conf/librdkafka/tmp-KafkaCluster/KafkaCluster/KafkaBrokerApp/kafka/2.8.1/bin/../libs/jackson-datatype-jdk8-2.10.5.jar:/Users/pvemula/Desktop/conf/librdkafka/tmp-KafkaCluster/KafkaCluster/KafkaBrokerApp/kafka/2.8.1/bin/../libs/jackson-jaxrs-base-2.10.5.jar:/Users/pvemula/Desktop/conf/librdkafka/tmp-KafkaCluster/KafkaCluster/KafkaBrokerApp/kafka/2.8.1/bin/../libs/jackson-jaxrs-json-provider-2.10.5.jar:/Users/pvemula/Desktop/conf/librdkafka/tmp-KafkaCluster/KafkaCluster/KafkaBrokerApp/kafka/2.8.1/bin/../libs/jackson-module-jaxb-annotations-2.10.5.jar:/Users/pvemula/Desktop/conf/librdkafka/tmp-KafkaCluster/KafkaCluster/KafkaBrokerApp/kafka/2.8.1/bin/../libs/jackson-module-paranamer-2.10.5.jar:/Users/pvemula/Desktop/conf/librdkafka/tmp-KafkaCluster/KafkaCluster/KafkaBrokerApp/kafka/2.8.1/bin/../libs/jackson-module-scala_2.12-2.10.5.jar:/Users/pvemula/Desktop/conf/librdkafka/tmp-KafkaCluster/KafkaCluster/KafkaBrokerApp/kafka/2.8.1/bin/../libs/jakarta.activation-api-1.2.1.jar:/Users/pvemula/Desktop/conf/librdkafka/tmp-KafkaCluster/KafkaCluster/KafkaBrokerApp/kafka/2.8.1/bin/../libs/jakarta.annotation-api-1.3.5.jar:/Users/pvemula/Desktop/conf/librdkafka/tmp-KafkaCluster/KafkaCluster/KafkaBrokerApp/kafka/2.8.1/bin/../libs/jakarta.inject-2.6.1.jar:/Users/pvemula/Desktop/conf/librdkafka/tmp-KafkaCluster/KafkaCluster/KafkaBrokerApp/kafka/2.8.1/bin/../libs/jakarta.validation-api-2.0.2.jar:/Users/pvemula/Desktop/conf/librdkafka/tmp-KafkaCluster/KafkaCluster/KafkaBrokerApp/kafka/2.8.1/bin/../libs/jakarta.ws.rs-api-2.1.6.jar:/Users/pvemula/Desktop/conf/librdkafka/tmp-KafkaCluster/KafkaCluster/KafkaBrokerApp/kafka/2.8.1/bin/../libs/jakarta.xml.bind-api-2.3.2.jar:/Users/pvemula/Desktop/conf/librdkafka/tmp-KafkaCluster/KafkaCluster/KafkaBrokerApp/kafka/2.8.1/bin/../libs/javassist-3.27.0-GA.jar:/Users/pvemula/Desktop/conf/librdkafka/tmp-KafkaCluster/KafkaCluster/KafkaBrokerApp/kafka/2.8.1/bin/../libs/javax.servlet-api-3.1.0.jar:/Users/pvemula/Desktop/conf/librdkafka/tmp-KafkaCluster/KafkaCluster/KafkaBrokerApp/kafka/2.8.1/bin/../libs/javax.ws.rs-api-2.1.1.jar:/Users/pvemula/Desktop/conf/librdkafka/tmp-KafkaCluster/KafkaCluster/KafkaBrokerApp/kafka/2.8.1/bin/../libs/jaxb-api-2.3.0.jar:/Users/pvemula/Desktop/conf/librdkafka/tmp-KafkaCluster/KafkaCluster/KafkaBrokerApp/kafka/2.8.1/bin/../libs/jersey-client-2.34.jar:/Users/pvemula/Desktop/conf/librdkafka/tmp-KafkaCluster/KafkaCluster/KafkaBrokerApp/kafka/2.8.1/bin/../libs/jersey-common-2.34.jar:/Users/pvemula/Desktop/conf/librdkafka/tmp-KafkaCluster/KafkaCluster/KafkaBrokerApp/kafka/2.8.1/bin/../libs/jersey-container-servlet-2.34.jar:/Users/pvemula/Desktop/conf/librdkafka/tmp-KafkaCluster/KafkaCluster/KafkaBrokerApp/kafka/2.8.1/bin/../libs/jersey-container-servlet-core-2.34.jar:/Users/pvemula/Desktop/conf/librdkafka/tmp-KafkaCluster/KafkaCluster/KafkaBrokerApp/kafka/2.8.1/bin/../libs/jersey-hk2-2.34.jar:/Users/pvemula/Desktop/conf/librdkafka/tmp-KafkaCluster/KafkaCluster/KafkaBrokerApp/kafka/2.8.1/bin/../libs/jersey-server-2.34.jar:/Users/pvemula/Desktop/conf/librdkafka/tmp-KafkaCluster/KafkaCluster/KafkaBrokerApp/kafka/2.8.1/bin/../libs/jetty-client-9.4.43.v20210629.jar:/Users/pvemula/Desktop/conf/librdkafka/tmp-KafkaCluster/KafkaCluster/KafkaBrokerApp/kafka/2.8.1/bin/../libs/jetty-continuation-9.4.43.v20210629.jar:/Users/pvemula/Desktop/conf/librdkafka/tmp-KafkaCluster/KafkaCluster/KafkaBrokerApp/kafka/2.8.1/bin/../libs/jetty-http-9.4.43.v20210629.jar:/Users/pvemula/Desktop/conf/librdkafka/tmp-KafkaCluster/KafkaCluster/KafkaBrokerApp/kafka/2.8.1/bin/../libs/jetty-io-9.4.43.v20210629.jar:/Users/pvemula/Desktop/conf/librdkafka/tmp-KafkaCluster/KafkaCluster/KafkaBrokerApp/kafka/2.8.1/bin/../libs/jetty-security-9.4.43.v20210629.jar:/Users/pvemula/Desktop/conf/librdkafka/tmp-KafkaCluster/KafkaCluster/KafkaBrokerApp/kafka/2.8.1/bin/../libs/jetty-server-9.4.43.v20210629.jar:/Users/pvemula/Desktop/conf/librdkafka/tmp-KafkaCluster/KafkaCluster/KafkaBrokerApp/kafka/2.8.1/bin/../libs/jetty-servlet-9.4.43.v20210629.jar:/Users/pvemula/Desktop/conf/librdkafka/tmp-KafkaCluster/KafkaCluster/KafkaBrokerApp/kafka/2.8.1/bin/../libs/jetty-servlets-9.4.43.v20210629.jar:/Users/pvemula/Desktop/conf/librdkafka/tmp-KafkaCluster/KafkaCluster/KafkaBrokerApp/kafka/2.8.1/bin/../libs/jetty-util-9.4.43.v20210629.jar:/Users/pvemula/Desktop/conf/librdkafka/tmp-KafkaCluster/KafkaCluster/KafkaBrokerApp/kafka/2.8.1/bin/../libs/jetty-util-ajax-9.4.43.v20210629.jar:/Users/pvemula/Desktop/conf/librdkafka/tmp-KafkaCluster/KafkaCluster/KafkaBrokerApp/kafka/2.8.1/bin/../libs/jline-3.12.1.jar:/Users/pvemula/Desktop/conf/librdkafka/tmp-KafkaCluster/KafkaCluster/KafkaBrokerApp/kafka/2.8.1/bin/../libs/jopt-simple-5.0.4.jar:/Users/pvemula/Desktop/conf/librdkafka/tmp-KafkaCluster/KafkaCluster/KafkaBrokerApp/kafka/2.8.1/bin/../libs/kafka-clients-2.8.1.jar:/Users/pvemula/Desktop/conf/librdkafka/tmp-KafkaCluster/KafkaCluster/KafkaBrokerApp/kafka/2.8.1/bin/../libs/kafka-log4j-appender-2.8.1.jar:/Users/pvemula/Desktop/conf/librdkafka/tmp-KafkaCluster/KafkaCluster/KafkaBrokerApp/kafka/2.8.1/bin/../libs/kafka-metadata-2.8.1.jar:/Users/pvemula/Desktop/conf/librdkafka/tmp-KafkaCluster/KafkaCluster/KafkaBrokerApp/kafka/2.8.1/bin/../libs/kafka-raft-2.8.1.jar:/Users/pvemula/Desktop/conf/librdkafka/tmp-KafkaCluster/KafkaCluster/KafkaBrokerApp/kafka/2.8.1/bin/../libs/kafka-shell-2.8.1.jar:/Users/pvemula/Desktop/conf/librdkafka/tmp-KafkaCluster/KafkaCluster/KafkaBrokerApp/kafka/2.8.1/bin/../libs/kafka-streams-2.8.1.jar:/Users/pvemula/Desktop/conf/librdkafka/tmp-KafkaCluster/KafkaCluster/KafkaBrokerApp/kafka/2.8.1/bin/../libs/kafka-streams-examples-2.8.1.jar:/Users/pvemula/Desktop/conf/librdkafka/tmp-KafkaCluster/KafkaCluster/KafkaBrokerApp/kafka/2.8.1/bin/../libs/kafka-streams-scala_2.12-2.8.1.jar:/Users/pvemula/Desktop/conf/librdkafka/tmp-KafkaCluster/KafkaCluster/KafkaBrokerApp/kafka/2.8.1/bin/../libs/kafka-streams-test-utils-2.8.1.jar:/Users/pvemula/Desktop/conf/librdkafka/tmp-KafkaCluster/KafkaCluster/KafkaBrokerApp/kafka/2.8.1/bin/../libs/kafka-tools-2.8.1.jar:/Users/pvemula/Desktop/conf/librdkafka/tmp-KafkaCluster/KafkaCluster/KafkaBrokerApp/kafka/2.8.1/bin/../libs/kafka_2.12-2.8.1-sources.jar:/Users/pvemula/Desktop/conf/librdkafka/tmp-KafkaCluster/KafkaCluster/KafkaBrokerApp/kafka/2.8.1/bin/../libs/kafka_2.12-2.8.1.jar:/Users/pvemula/Desktop/conf/librdkafka/tmp-KafkaCluster/KafkaCluster/KafkaBrokerApp/kafka/2.8.1/bin/../libs/log4j-1.2.17.jar:/Users/pvemula/Desktop/conf/librdkafka/tmp-KafkaCluster/KafkaCluster/KafkaBrokerApp/kafka/2.8.1/bin/../libs/lz4-java-1.7.1.jar:/Users/pvemula/Desktop/conf/librdkafka/tmp-KafkaCluster/KafkaCluster/KafkaBrokerApp/kafka/2.8.1/bin/../libs/maven-artifact-3.8.1.jar:/Users/pvemula/Desktop/conf/librdkafka/tmp-KafkaCluster/KafkaCluster/KafkaBrokerApp/kafka/2.8.1/bin/../libs/metrics-core-2.2.0.jar:/Users/pvemula/Desktop/conf/librdkafka/tmp-KafkaCluster/KafkaCluster/KafkaBrokerApp/kafka/2.8.1/bin/../libs/netty-buffer-4.1.62.Final.jar:/Users/pvemula/Desktop/conf/librdkafka/tmp-KafkaCluster/KafkaCluster/KafkaBrokerApp/kafka/2.8.1/bin/../libs/netty-codec-4.1.62.Final.jar:/Users/pvemula/Desktop/conf/librdkafka/tmp-KafkaCluster/KafkaCluster/KafkaBrokerApp/kafka/2.8.1/bin/../libs/netty-common-4.1.62.Final.jar:/Users/pvemula/Desktop/conf/librdkafka/tmp-KafkaCluster/KafkaCluster/KafkaBrokerApp/kafka/2.8.1/bin/../libs/netty-handler-4.1.62.Final.jar:/Users/pvemula/Desktop/conf/librdkafka/tmp-KafkaCluster/KafkaCluster/KafkaBrokerApp/kafka/2.8.1/bin/../libs/netty-resolver-4.1.62.Final.jar:/Users/pvemula/Desktop/conf/librdkafka/tmp-KafkaCluster/KafkaCluster/KafkaBrokerApp/kafka/2.8.1/bin/../libs/netty-transport-4.1.62.Final.jar:/Users/pvemula/Desktop/conf/librdkafka/tmp-KafkaCluster/KafkaCluster/KafkaBrokerApp/kafka/2.8.1/bin/../libs/netty-transport-native-epoll-4.1.62.Final.jar:/Users/pvemula/Desktop/conf/librdkafka/tmp-KafkaCluster/KafkaCluster/KafkaBrokerApp/kafka/2.8.1/bin/../libs/netty-transport-native-unix-common-4.1.62.Final.jar:/Users/pvemula/Desktop/conf/librdkafka/tmp-KafkaCluster/KafkaCluster/KafkaBrokerApp/kafka/2.8.1/bin/../libs/osgi-resource-locator-1.0.3.jar:/Users/pvemula/Desktop/conf/librdkafka/tmp-KafkaCluster/KafkaCluster/KafkaBrokerApp/kafka/2.8.1/bin/../libs/paranamer-2.8.jar:/Users/pvemula/Desktop/conf/librdkafka/tmp-KafkaCluster/KafkaCluster/KafkaBrokerApp/kafka/2.8.1/bin/../libs/plexus-utils-3.2.1.jar:/Users/pvemula/Desktop/conf/librdkafka/tmp-KafkaCluster/KafkaCluster/KafkaBrokerApp/kafka/2.8.1/bin/../libs/reflections-0.9.12.jar:/Users/pvemula/Desktop/conf/librdkafka/tmp-KafkaCluster/KafkaCluster/KafkaBrokerApp/kafka/2.8.1/bin/../libs/rocksdbjni-5.18.4.jar:/Users/pvemula/Desktop/conf/librdkafka/tmp-KafkaCluster/KafkaCluster/KafkaBrokerApp/kafka/2.8.1/bin/../libs/scala-collection-compat_2.12-2.3.0.jar:/Users/pvemula/Desktop/conf/librdkafka/tmp-KafkaCluster/KafkaCluster/KafkaBrokerApp/kafka/2.8.1/bin/../libs/scala-java8-compat_2.12-0.9.1.jar:/Users/pvemula/Desktop/conf/librdkafka/tmp-KafkaCluster/KafkaCluster/KafkaBrokerApp/kafka/2.8.1/bin/../libs/scala-library-2.12.13.jar:/Users/pvemula/Desktop/conf/librdkafka/tmp-KafkaCluster/KafkaCluster/KafkaBrokerApp/kafka/2.8.1/bin/../libs/scala-logging_2.12-3.9.2.jar:/Users/pvemula/Desktop/conf/librdkafka/tmp-KafkaCluster/KafkaCluster/KafkaBrokerApp/kafka/2.8.1/bin/../libs/scala-reflect-2.12.13.jar:/Users/pvemula/Desktop/conf/librdkafka/tmp-KafkaCluster/KafkaCluster/KafkaBrokerApp/kafka/2.8.1/bin/../libs/slf4j-api-1.7.30.jar:/Users/pvemula/Desktop/conf/librdkafka/tmp-KafkaCluster/KafkaCluster/KafkaBrokerApp/kafka/2.8.1/bin/../libs/slf4j-log4j12-1.7.30.jar:/Users/pvemula/Desktop/conf/librdkafka/tmp-KafkaCluster/KafkaCluster/KafkaBrokerApp/kafka/2.8.1/bin/../libs/snappy-java-1.1.8.1.jar:/Users/pvemula/Desktop/conf/librdkafka/tmp-KafkaCluster/KafkaCluster/KafkaBrokerApp/kafka/2.8.1/bin/../libs/zookeeper-3.5.9.jar:/Users/pvemula/Desktop/conf/librdkafka/tmp-KafkaCluster/KafkaCluster/KafkaBrokerApp/kafka/2.8.1/bin/../libs/zookeeper-jute-3.5.9.jar:/Users/pvemula/Desktop/conf/librdkafka/tmp-KafkaCluster/KafkaCluster/KafkaBrokerApp/kafka/2.8.1/bin/../libs/zstd-jni-1.4.9-1.jar (org.apache.zookeeper.ZooKeeper)
[2023-01-29 22:58:41,910] INFO Client environment:java.library.path=/Users/pvemula/Library/Java/Extensions:/Library/Java/Extensions:/Network/Library/Java/Extensions:/System/Library/Java/Extensions:/usr/lib/java:. (org.apache.zookeeper.ZooKeeper)
[2023-01-29 22:58:41,910] INFO Client environment:java.io.tmpdir=/var/folders/k0/xkfpdq_94rx0gm0pqzw41nfr0000gp/T/ (org.apache.zookeeper.ZooKeeper)
[2023-01-29 22:58:41,910] INFO Client environment:java.compiler=<NA> (org.apache.zookeeper.ZooKeeper)
[2023-01-29 22:58:41,910] INFO Client environment:os.name=Mac OS X (org.apache.zookeeper.ZooKeeper)
[2023-01-29 22:58:41,910] INFO Client environment:os.arch=aarch64 (org.apache.zookeeper.ZooKeeper)
[2023-01-29 22:58:41,910] INFO Client environment:os.version=12.6.1 (org.apache.zookeeper.ZooKeeper)
[2023-01-29 22:58:41,910] INFO Client environment:user.name=pvemula (org.apache.zookeeper.ZooKeeper)
[2023-01-29 22:58:41,910] INFO Client environment:user.home=/Users/pvemula (org.apache.zookeeper.ZooKeeper)
[2023-01-29 22:58:41,910] INFO Client environment:user.dir=/Users/pvemula/Desktop/conf/librdkafka (org.apache.zookeeper.ZooKeeper)
[2023-01-29 22:58:41,910] INFO Client environment:os.memory.free=1011MB (org.apache.zookeeper.ZooKeeper)
[2023-01-29 22:58:41,910] INFO Client environment:os.memory.max=1024MB (org.apache.zookeeper.ZooKeeper)
[2023-01-29 22:58:41,910] INFO Client environment:os.memory.total=1024MB (org.apache.zookeeper.ZooKeeper)
[2023-01-29 22:58:41,911] INFO Initiating client connection, connectString=localhost:49618 sessionTimeout=18000 watcher=kafka.zookeeper.ZooKeeperClient$ZooKeeperClientWatcher$@a43ce46 (org.apache.zookeeper.ZooKeeper)
[2023-01-29 22:58:41,914] INFO jute.maxbuffer value is 4194304 Bytes (org.apache.zookeeper.ClientCnxnSocket)
[2023-01-29 22:58:41,917] INFO zookeeper.request.timeout value is 0. feature enabled= (org.apache.zookeeper.ClientCnxn)
[2023-01-29 22:58:41,918] INFO [ZooKeeperClient Kafka server] Waiting until connected. (kafka.zookeeper.ZooKeeperClient)
[2023-01-29 22:58:41,921] INFO Opening socket connection to server localhost/127.0.0.1:49618. Will not attempt to authenticate using SASL (unknown error) (org.apache.zookeeper.ClientCnxn)
[2023-01-29 22:58:41,928] INFO Socket connection established, initiating session, client: /127.0.0.1:49653, server: localhost/127.0.0.1:49618 (org.apache.zookeeper.ClientCnxn)
[2023-01-29 22:58:41,958] INFO Session establishment complete on server localhost/127.0.0.1:49618, sessionid = 0x1005b8e7feb0000, negotiated timeout = 18000 (org.apache.zookeeper.ClientCnxn)
[2023-01-29 22:58:41,959] INFO [ZooKeeperClient Kafka server] Connected. (kafka.zookeeper.ZooKeeperClient)
[2023-01-29 22:58:42,192] INFO [feature-zk-node-event-process-thread]: Starting (kafka.server.FinalizedFeatureChangeListener$ChangeNotificationProcessorThread)
[2023-01-29 22:58:42,198] INFO Feature ZK node at path: /feature does not exist (kafka.server.FinalizedFeatureChangeListener)
[2023-01-29 22:58:42,198] INFO Cleared cache (kafka.server.FinalizedFeatureCache)
[2023-01-29 22:58:42,294] INFO Cluster ID = _enrZqT5SXmyVrHzRo4yXA (kafka.server.KafkaServer)
[2023-01-29 22:58:42,300] WARN No meta.properties file under dir /Users/pvemula/Desktop/conf/librdkafka/tmp-KafkaCluster/KafkaCluster/75013297/KafkaBrokerApp/3/logs/meta.properties (kafka.server.BrokerMetadataCheckpoint)
[2023-01-29 22:58:42,330] INFO KafkaConfig values: 
	advertised.host.name = null
	advertised.listeners = PLAINTEXT://localhost:49622,DOCKER://host.docker.internal:49623
	advertised.port = null
	alter.config.policy.class.name = null
	alter.log.dirs.replication.quota.window.num = 11
	alter.log.dirs.replication.quota.window.size.seconds = 1
	authorizer.class.name = kafka.security.auth.SimpleAclAuthorizer
	auto.create.topics.enable = true
	auto.leader.rebalance.enable = true
	background.threads = 10
	broker.heartbeat.interval.ms = 2000
	broker.id = 3
	broker.id.generation.enable = true
	broker.rack = RACK3
	broker.session.timeout.ms = 9000
	client.quota.callback.class = null
	compression.type = producer
	connection.failed.authentication.delay.ms = 100
	connections.max.idle.ms = 600000
	connections.max.reauth.ms = 0
	control.plane.listener.name = null
	controlled.shutdown.enable = true
	controlled.shutdown.max.retries = 3
	controlled.shutdown.retry.backoff.ms = 5000
	controller.listener.names = null
	controller.quorum.append.linger.ms = 25
	controller.quorum.election.backoff.max.ms = 1000
	controller.quorum.election.timeout.ms = 1000
	controller.quorum.fetch.timeout.ms = 2000
	controller.quorum.request.timeout.ms = 2000
	controller.quorum.retry.backoff.ms = 20
	controller.quorum.voters = []
	controller.quota.window.num = 11
	controller.quota.window.size.seconds = 1
	controller.socket.timeout.ms = 30000
	create.topic.policy.class.name = null
	default.replication.factor = 3
	delegation.token.expiry.check.interval.ms = 3600000
	delegation.token.expiry.time.ms = 86400000
	delegation.token.master.key = null
	delegation.token.max.lifetime.ms = 604800000
	delegation.token.secret.key = null
	delete.records.purgatory.purge.interval.requests = 1
	delete.topic.enable = true
	fetch.max.bytes = 57671680
	fetch.purgatory.purge.interval.requests = 1000
	group.initial.rebalance.delay.ms = 3000
	group.max.session.timeout.ms = 1800000
	group.max.size = 2147483647
	group.min.session.timeout.ms = 6000
	host.name = 
	initial.broker.registration.timeout.ms = 60000
	inter.broker.listener.name = null
	inter.broker.protocol.version = 2.8-IV1
	kafka.metrics.polling.interval.secs = 10
	kafka.metrics.reporters = []
	leader.imbalance.check.interval.seconds = 300
	leader.imbalance.per.broker.percentage = 10
	listener.security.protocol.map = PLAINTEXT:PLAINTEXT,SSL:SSL,SASL_PLAINTEXT:SASL_PLAINTEXT,SASL_SSL:SASL_SSL,DOCKER:PLAINTEXT
	listeners = PLAINTEXT://0.0.0.0:49622,DOCKER://0.0.0.0:49623
	log.cleaner.backoff.ms = 15000
	log.cleaner.dedupe.buffer.size = 134217728
	log.cleaner.delete.retention.ms = 86400000
	log.cleaner.enable = true
	log.cleaner.io.buffer.load.factor = 0.9
	log.cleaner.io.buffer.size = 524288
	log.cleaner.io.max.bytes.per.second = 1.7976931348623157E308
	log.cleaner.max.compaction.lag.ms = 9223372036854775807
	log.cleaner.min.cleanable.ratio = 0.5
	log.cleaner.min.compaction.lag.ms = 0
	log.cleaner.threads = 1
	log.cleanup.policy = [delete]
	log.dir = /Users/pvemula/Desktop/conf/librdkafka/tmp-KafkaCluster/KafkaCluster/75013297/KafkaBrokerApp/3/logs
	log.dirs = /Users/pvemula/Desktop/conf/librdkafka/tmp-KafkaCluster/KafkaCluster/75013297/KafkaBrokerApp/3/logs
	log.flush.interval.messages = 9223372036854775807
	log.flush.interval.ms = null
	log.flush.offset.checkpoint.interval.ms = 60000
	log.flush.scheduler.interval.ms = 9223372036854775807
	log.flush.start.offset.checkpoint.interval.ms = 60000
	log.index.interval.bytes = 4096
	log.index.size.max.bytes = 10485760
	log.message.downconversion.enable = true
	log.message.format.version = 2.8-IV1
	log.message.timestamp.difference.max.ms = 9223372036854775807
	log.message.timestamp.type = CreateTime
	log.preallocate = false
	log.retention.bytes = -1
	log.retention.check.interval.ms = 300000
	log.retention.hours = 168
	log.retention.minutes = null
	log.retention.ms = null
	log.roll.hours = 168
	log.roll.jitter.hours = 0
	log.roll.jitter.ms = null
	log.roll.ms = null
	log.segment.bytes = 1073741824
	log.segment.delete.delay.ms = 60000
	max.connection.creation.rate = 2147483647
	max.connections = 2147483647
	max.connections.per.ip = 2147483647
	max.connections.per.ip.overrides = 
	max.incremental.fetch.session.cache.slots = 1000
	message.max.bytes = 1048588
	metadata.log.dir = null
	metric.reporters = []
	metrics.num.samples = 2
	metrics.recording.level = INFO
	metrics.sample.window.ms = 30000
	min.insync.replicas = 1
	node.id = -1
	num.io.threads = 8
	num.network.threads = 3
	num.partitions = 4
	num.recovery.threads.per.data.dir = 1
	num.replica.alter.log.dirs.threads = null
	num.replica.fetchers = 1
	offset.metadata.max.bytes = 4096
	offsets.commit.required.acks = -1
	offsets.commit.timeout.ms = 5000
	offsets.load.buffer.size = 5242880
	offsets.retention.check.interval.ms = 600000
	offsets.retention.minutes = 10080
	offsets.topic.compression.codec = 0
	offsets.topic.num.partitions = 50
	offsets.topic.replication.factor = 3
	offsets.topic.segment.bytes = 104857600
	password.encoder.cipher.algorithm = AES/CBC/PKCS5Padding
	password.encoder.iterations = 4096
	password.encoder.key.length = 128
	password.encoder.keyfactory.algorithm = null
	password.encoder.old.secret = null
	password.encoder.secret = null
	port = 49622
	principal.builder.class = null
	process.roles = []
	producer.purgatory.purge.interval.requests = 1000
	queued.max.request.bytes = -1
	queued.max.requests = 500
	quota.consumer.default = 9223372036854775807
	quota.producer.default = 9223372036854775807
	quota.window.num = 11
	quota.window.size.seconds = 1
	replica.fetch.backoff.ms = 1000
	replica.fetch.max.bytes = 1048576
	replica.fetch.min.bytes = 1
	replica.fetch.response.max.bytes = 10485760
	replica.fetch.wait.max.ms = 500
	replica.high.watermark.checkpoint.interval.ms = 5000
	replica.lag.time.max.ms = 30000
	replica.selector.class = org.apache.kafka.common.replica.RackAwareReplicaSelector
	replica.socket.receive.buffer.bytes = 65536
	replica.socket.timeout.ms = 30000
	replication.quota.window.num = 11
	replication.quota.window.size.seconds = 1
	request.timeout.ms = 30000
	reserved.broker.max.id = 65536
	sasl.client.callback.handler.class = null
	sasl.enabled.mechanisms = [GSSAPI]
	sasl.jaas.config = null
	sasl.kerberos.kinit.cmd = /usr/bin/kinit
	sasl.kerberos.min.time.before.relogin = 60000
	sasl.kerberos.principal.to.local.rules = [DEFAULT]
	sasl.kerberos.service.name = null
	sasl.kerberos.ticket.renew.jitter = 0.05
	sasl.kerberos.ticket.renew.window.factor = 0.8
	sasl.login.callback.handler.class = null
	sasl.login.class = null
	sasl.login.refresh.buffer.seconds = 300
	sasl.login.refresh.min.period.seconds = 60
	sasl.login.refresh.window.factor = 0.8
	sasl.login.refresh.window.jitter = 0.05
	sasl.mechanism.controller.protocol = GSSAPI
	sasl.mechanism.inter.broker.protocol = GSSAPI
	sasl.server.callback.handler.class = null
	security.inter.broker.protocol = PLAINTEXT
	security.providers = null
	socket.connection.setup.timeout.max.ms = 30000
	socket.connection.setup.timeout.ms = 10000
	socket.receive.buffer.bytes = 102400
	socket.request.max.bytes = 104857600
	socket.send.buffer.bytes = 102400
	ssl.cipher.suites = []
	ssl.client.auth = none
	ssl.enabled.protocols = [TLSv1.2, TLSv1.3]
	ssl.endpoint.identification.algorithm = https
	ssl.engine.factory.class = null
	ssl.key.password = null
	ssl.keymanager.algorithm = SunX509
	ssl.keystore.certificate.chain = null
	ssl.keystore.key = null
	ssl.keystore.location = null
	ssl.keystore.password = null
	ssl.keystore.type = JKS
	ssl.principal.mapping.rules = DEFAULT
	ssl.protocol = TLSv1.3
	ssl.provider = null
	ssl.secure.random.implementation = null
	ssl.trustmanager.algorithm = PKIX
	ssl.truststore.certificates = null
	ssl.truststore.location = null
	ssl.truststore.password = null
	ssl.truststore.type = JKS
	transaction.abort.timed.out.transaction.cleanup.interval.ms = 10000
	transaction.max.timeout.ms = 900000
	transaction.remove.expired.transaction.cleanup.interval.ms = 3600000
	transaction.state.log.load.buffer.size = 5242880
	transaction.state.log.min.isr = 2
	transaction.state.log.num.partitions = 50
	transaction.state.log.replication.factor = 3
	transaction.state.log.segment.bytes = 104857600
	transactional.id.expiration.ms = 604800000
	unclean.leader.election.enable = false
	zookeeper.clientCnxnSocket = null
	zookeeper.connect = localhost:49618
	zookeeper.connection.timeout.ms = null
	zookeeper.max.in.flight.requests = 10
	zookeeper.session.timeout.ms = 18000
	zookeeper.set.acl = false
	zookeeper.ssl.cipher.suites = null
	zookeeper.ssl.client.enable = false
	zookeeper.ssl.crl.enable = false
	zookeeper.ssl.enabled.protocols = null
	zookeeper.ssl.endpoint.identification.algorithm = HTTPS
	zookeeper.ssl.keystore.location = null
	zookeeper.ssl.keystore.password = null
	zookeeper.ssl.keystore.type = null
	zookeeper.ssl.ocsp.enable = false
	zookeeper.ssl.protocol = TLSv1.2
	zookeeper.ssl.truststore.location = null
	zookeeper.ssl.truststore.password = null
	zookeeper.ssl.truststore.type = null
	zookeeper.sync.time.ms = 2000
 (kafka.server.KafkaConfig)
[2023-01-29 22:58:42,337] INFO KafkaConfig values: 
	advertised.host.name = null
	advertised.listeners = PLAINTEXT://localhost:49622,DOCKER://host.docker.internal:49623
	advertised.port = null
	alter.config.policy.class.name = null
	alter.log.dirs.replication.quota.window.num = 11
	alter.log.dirs.replication.quota.window.size.seconds = 1
	authorizer.class.name = kafka.security.auth.SimpleAclAuthorizer
	auto.create.topics.enable = true
	auto.leader.rebalance.enable = true
	background.threads = 10
	broker.heartbeat.interval.ms = 2000
	broker.id = 3
	broker.id.generation.enable = true
	broker.rack = RACK3
	broker.session.timeout.ms = 9000
	client.quota.callback.class = null
	compression.type = producer
	connection.failed.authentication.delay.ms = 100
	connections.max.idle.ms = 600000
	connections.max.reauth.ms = 0
	control.plane.listener.name = null
	controlled.shutdown.enable = true
	controlled.shutdown.max.retries = 3
	controlled.shutdown.retry.backoff.ms = 5000
	controller.listener.names = null
	controller.quorum.append.linger.ms = 25
	controller.quorum.election.backoff.max.ms = 1000
	controller.quorum.election.timeout.ms = 1000
	controller.quorum.fetch.timeout.ms = 2000
	controller.quorum.request.timeout.ms = 2000
	controller.quorum.retry.backoff.ms = 20
	controller.quorum.voters = []
	controller.quota.window.num = 11
	controller.quota.window.size.seconds = 1
	controller.socket.timeout.ms = 30000
	create.topic.policy.class.name = null
	default.replication.factor = 3
	delegation.token.expiry.check.interval.ms = 3600000
	delegation.token.expiry.time.ms = 86400000
	delegation.token.master.key = null
	delegation.token.max.lifetime.ms = 604800000
	delegation.token.secret.key = null
	delete.records.purgatory.purge.interval.requests = 1
	delete.topic.enable = true
	fetch.max.bytes = 57671680
	fetch.purgatory.purge.interval.requests = 1000
	group.initial.rebalance.delay.ms = 3000
	group.max.session.timeout.ms = 1800000
	group.max.size = 2147483647
	group.min.session.timeout.ms = 6000
	host.name = 
	initial.broker.registration.timeout.ms = 60000
	inter.broker.listener.name = null
	inter.broker.protocol.version = 2.8-IV1
	kafka.metrics.polling.interval.secs = 10
	kafka.metrics.reporters = []
	leader.imbalance.check.interval.seconds = 300
	leader.imbalance.per.broker.percentage = 10
	listener.security.protocol.map = PLAINTEXT:PLAINTEXT,SSL:SSL,SASL_PLAINTEXT:SASL_PLAINTEXT,SASL_SSL:SASL_SSL,DOCKER:PLAINTEXT
	listeners = PLAINTEXT://0.0.0.0:49622,DOCKER://0.0.0.0:49623
	log.cleaner.backoff.ms = 15000
	log.cleaner.dedupe.buffer.size = 134217728
	log.cleaner.delete.retention.ms = 86400000
	log.cleaner.enable = true
	log.cleaner.io.buffer.load.factor = 0.9
	log.cleaner.io.buffer.size = 524288
	log.cleaner.io.max.bytes.per.second = 1.7976931348623157E308
	log.cleaner.max.compaction.lag.ms = 9223372036854775807
	log.cleaner.min.cleanable.ratio = 0.5
	log.cleaner.min.compaction.lag.ms = 0
	log.cleaner.threads = 1
	log.cleanup.policy = [delete]
	log.dir = /Users/pvemula/Desktop/conf/librdkafka/tmp-KafkaCluster/KafkaCluster/75013297/KafkaBrokerApp/3/logs
	log.dirs = /Users/pvemula/Desktop/conf/librdkafka/tmp-KafkaCluster/KafkaCluster/75013297/KafkaBrokerApp/3/logs
	log.flush.interval.messages = 9223372036854775807
	log.flush.interval.ms = null
	log.flush.offset.checkpoint.interval.ms = 60000
	log.flush.scheduler.interval.ms = 9223372036854775807
	log.flush.start.offset.checkpoint.interval.ms = 60000
	log.index.interval.bytes = 4096
	log.index.size.max.bytes = 10485760
	log.message.downconversion.enable = true
	log.message.format.version = 2.8-IV1
	log.message.timestamp.difference.max.ms = 9223372036854775807
	log.message.timestamp.type = CreateTime
	log.preallocate = false
	log.retention.bytes = -1
	log.retention.check.interval.ms = 300000
	log.retention.hours = 168
	log.retention.minutes = null
	log.retention.ms = null
	log.roll.hours = 168
	log.roll.jitter.hours = 0
	log.roll.jitter.ms = null
	log.roll.ms = null
	log.segment.bytes = 1073741824
	log.segment.delete.delay.ms = 60000
	max.connection.creation.rate = 2147483647
	max.connections = 2147483647
	max.connections.per.ip = 2147483647
	max.connections.per.ip.overrides = 
	max.incremental.fetch.session.cache.slots = 1000
	message.max.bytes = 1048588
	metadata.log.dir = null
	metric.reporters = []
	metrics.num.samples = 2
	metrics.recording.level = INFO
	metrics.sample.window.ms = 30000
	min.insync.replicas = 1
	node.id = -1
	num.io.threads = 8
	num.network.threads = 3
	num.partitions = 4
	num.recovery.threads.per.data.dir = 1
	num.replica.alter.log.dirs.threads = null
	num.replica.fetchers = 1
	offset.metadata.max.bytes = 4096
	offsets.commit.required.acks = -1
	offsets.commit.timeout.ms = 5000
	offsets.load.buffer.size = 5242880
	offsets.retention.check.interval.ms = 600000
	offsets.retention.minutes = 10080
	offsets.topic.compression.codec = 0
	offsets.topic.num.partitions = 50
	offsets.topic.replication.factor = 3
	offsets.topic.segment.bytes = 104857600
	password.encoder.cipher.algorithm = AES/CBC/PKCS5Padding
	password.encoder.iterations = 4096
	password.encoder.key.length = 128
	password.encoder.keyfactory.algorithm = null
	password.encoder.old.secret = null
	password.encoder.secret = null
	port = 49622
	principal.builder.class = null
	process.roles = []
	producer.purgatory.purge.interval.requests = 1000
	queued.max.request.bytes = -1
	queued.max.requests = 500
	quota.consumer.default = 9223372036854775807
	quota.producer.default = 9223372036854775807
	quota.window.num = 11
	quota.window.size.seconds = 1
	replica.fetch.backoff.ms = 1000
	replica.fetch.max.bytes = 1048576
	replica.fetch.min.bytes = 1
	replica.fetch.response.max.bytes = 10485760
	replica.fetch.wait.max.ms = 500
	replica.high.watermark.checkpoint.interval.ms = 5000
	replica.lag.time.max.ms = 30000
	replica.selector.class = org.apache.kafka.common.replica.RackAwareReplicaSelector
	replica.socket.receive.buffer.bytes = 65536
	replica.socket.timeout.ms = 30000
	replication.quota.window.num = 11
	replication.quota.window.size.seconds = 1
	request.timeout.ms = 30000
	reserved.broker.max.id = 65536
	sasl.client.callback.handler.class = null
	sasl.enabled.mechanisms = [GSSAPI]
	sasl.jaas.config = null
	sasl.kerberos.kinit.cmd = /usr/bin/kinit
	sasl.kerberos.min.time.before.relogin = 60000
	sasl.kerberos.principal.to.local.rules = [DEFAULT]
	sasl.kerberos.service.name = null
	sasl.kerberos.ticket.renew.jitter = 0.05
	sasl.kerberos.ticket.renew.window.factor = 0.8
	sasl.login.callback.handler.class = null
	sasl.login.class = null
	sasl.login.refresh.buffer.seconds = 300
	sasl.login.refresh.min.period.seconds = 60
	sasl.login.refresh.window.factor = 0.8
	sasl.login.refresh.window.jitter = 0.05
	sasl.mechanism.controller.protocol = GSSAPI
	sasl.mechanism.inter.broker.protocol = GSSAPI
	sasl.server.callback.handler.class = null
	security.inter.broker.protocol = PLAINTEXT
	security.providers = null
	socket.connection.setup.timeout.max.ms = 30000
	socket.connection.setup.timeout.ms = 10000
	socket.receive.buffer.bytes = 102400
	socket.request.max.bytes = 104857600
	socket.send.buffer.bytes = 102400
	ssl.cipher.suites = []
	ssl.client.auth = none
	ssl.enabled.protocols = [TLSv1.2, TLSv1.3]
	ssl.endpoint.identification.algorithm = https
	ssl.engine.factory.class = null
	ssl.key.password = null
	ssl.keymanager.algorithm = SunX509
	ssl.keystore.certificate.chain = null
	ssl.keystore.key = null
	ssl.keystore.location = null
	ssl.keystore.password = null
	ssl.keystore.type = JKS
	ssl.principal.mapping.rules = DEFAULT
	ssl.protocol = TLSv1.3
	ssl.provider = null
	ssl.secure.random.implementation = null
	ssl.trustmanager.algorithm = PKIX
	ssl.truststore.certificates = null
	ssl.truststore.location = null
	ssl.truststore.password = null
	ssl.truststore.type = JKS
	transaction.abort.timed.out.transaction.cleanup.interval.ms = 10000
	transaction.max.timeout.ms = 900000
	transaction.remove.expired.transaction.cleanup.interval.ms = 3600000
	transaction.state.log.load.buffer.size = 5242880
	transaction.state.log.min.isr = 2
	transaction.state.log.num.partitions = 50
	transaction.state.log.replication.factor = 3
	transaction.state.log.segment.bytes = 104857600
	transactional.id.expiration.ms = 604800000
	unclean.leader.election.enable = false
	zookeeper.clientCnxnSocket = null
	zookeeper.connect = localhost:49618
	zookeeper.connection.timeout.ms = null
	zookeeper.max.in.flight.requests = 10
	zookeeper.session.timeout.ms = 18000
	zookeeper.set.acl = false
	zookeeper.ssl.cipher.suites = null
	zookeeper.ssl.client.enable = false
	zookeeper.ssl.crl.enable = false
	zookeeper.ssl.enabled.protocols = null
	zookeeper.ssl.endpoint.identification.algorithm = HTTPS
	zookeeper.ssl.keystore.location = null
	zookeeper.ssl.keystore.password = null
	zookeeper.ssl.keystore.type = null
	zookeeper.ssl.ocsp.enable = false
	zookeeper.ssl.protocol = TLSv1.2
	zookeeper.ssl.truststore.location = null
	zookeeper.ssl.truststore.password = null
	zookeeper.ssl.truststore.type = null
	zookeeper.sync.time.ms = 2000
 (kafka.server.KafkaConfig)
[2023-01-29 22:58:42,360] INFO [ThrottledChannelReaper-Fetch]: Starting (kafka.server.ClientQuotaManager$ThrottledChannelReaper)
[2023-01-29 22:58:42,361] INFO [ThrottledChannelReaper-Produce]: Starting (kafka.server.ClientQuotaManager$ThrottledChannelReaper)
[2023-01-29 22:58:42,364] INFO [ThrottledChannelReaper-Request]: Starting (kafka.server.ClientQuotaManager$ThrottledChannelReaper)
[2023-01-29 22:58:42,365] INFO [ThrottledChannelReaper-ControllerMutation]: Starting (kafka.server.ClientQuotaManager$ThrottledChannelReaper)
[2023-01-29 22:58:42,385] INFO Loading logs from log dirs ArrayBuffer(/Users/pvemula/Desktop/conf/librdkafka/tmp-KafkaCluster/KafkaCluster/75013297/KafkaBrokerApp/3/logs) (kafka.log.LogManager)
[2023-01-29 22:58:42,386] INFO Attempting recovery for all logs in /Users/pvemula/Desktop/conf/librdkafka/tmp-KafkaCluster/KafkaCluster/75013297/KafkaBrokerApp/3/logs since no clean shutdown file was found (kafka.log.LogManager)
[2023-01-29 22:58:42,393] INFO Loaded 0 logs in 8ms. (kafka.log.LogManager)
[2023-01-29 22:58:42,393] INFO Starting log cleanup with a period of 300000 ms. (kafka.log.LogManager)
[2023-01-29 22:58:42,394] INFO Starting log flusher with a default period of 9223372036854775807 ms. (kafka.log.LogManager)
[2023-01-29 22:58:42,670] INFO Updated connection-accept-rate max connection creation rate to 2147483647 (kafka.network.ConnectionQuotas)
[2023-01-29 22:58:42,677] INFO Awaiting socket connections on 0.0.0.0:49622. (kafka.network.Acceptor)
[2023-01-29 22:58:42,706] INFO [SocketServer listenerType=ZK_BROKER, nodeId=3] Created data-plane acceptor and processors for endpoint : ListenerName(PLAINTEXT) (kafka.network.SocketServer)
[2023-01-29 22:58:42,706] INFO Updated connection-accept-rate max connection creation rate to 2147483647 (kafka.network.ConnectionQuotas)
[2023-01-29 22:58:42,706] INFO Awaiting socket connections on 0.0.0.0:49623. (kafka.network.Acceptor)
[2023-01-29 22:58:42,710] INFO [SocketServer listenerType=ZK_BROKER, nodeId=3] Created data-plane acceptor and processors for endpoint : ListenerName(DOCKER) (kafka.network.SocketServer)
[2023-01-29 22:58:42,726] INFO [broker-3-to-controller-send-thread]: Starting (kafka.server.BrokerToControllerRequestThread)
[2023-01-29 22:58:42,735] INFO [ExpirationReaper-3-Produce]: Starting (kafka.server.DelayedOperationPurgatory$ExpiredOperationReaper)
[2023-01-29 22:58:42,735] INFO [ExpirationReaper-3-Fetch]: Starting (kafka.server.DelayedOperationPurgatory$ExpiredOperationReaper)
[2023-01-29 22:58:42,736] INFO [ExpirationReaper-3-DeleteRecords]: Starting (kafka.server.DelayedOperationPurgatory$ExpiredOperationReaper)
[2023-01-29 22:58:42,736] INFO [ExpirationReaper-3-ElectLeader]: Starting (kafka.server.DelayedOperationPurgatory$ExpiredOperationReaper)
[2023-01-29 22:58:42,745] INFO [LogDirFailureHandler]: Starting (kafka.server.ReplicaManager$LogDirFailureHandler)
[2023-01-29 22:58:42,756] INFO Creating /brokers/ids/3 (is it secure? false) (kafka.zk.KafkaZkClient)
[2023-01-29 22:58:42,771] INFO Stat of the created znode at /brokers/ids/3 is: 73,73,1675013322763,1675013322763,1,0,0,72158261627518976,281,0,73
 (kafka.zk.KafkaZkClient)
[2023-01-29 22:58:42,773] INFO Registered broker 3 at path /brokers/ids/3 with addresses: PLAINTEXT://localhost:49622,DOCKER://host.docker.internal:49623, czxid (broker epoch): 73 (kafka.zk.KafkaZkClient)
[2023-01-29 22:58:42,808] INFO [ExpirationReaper-3-topic]: Starting (kafka.server.DelayedOperationPurgatory$ExpiredOperationReaper)
[2023-01-29 22:58:42,812] INFO [ExpirationReaper-3-Heartbeat]: Starting (kafka.server.DelayedOperationPurgatory$ExpiredOperationReaper)
[2023-01-29 22:58:42,812] INFO [ExpirationReaper-3-Rebalance]: Starting (kafka.server.DelayedOperationPurgatory$ExpiredOperationReaper)
[2023-01-29 22:58:42,818] INFO Successfully created /controller_epoch with initial epoch 0 (kafka.zk.KafkaZkClient)
[2023-01-29 22:58:42,821] INFO [GroupCoordinator 3]: Starting up. (kafka.coordinator.group.GroupCoordinator)
[2023-01-29 22:58:42,831] INFO [GroupCoordinator 3]: Startup complete. (kafka.coordinator.group.GroupCoordinator)
[2023-01-29 22:58:42,844] INFO Feature ZK node created at path: /feature (kafka.server.FinalizedFeatureChangeListener)
[2023-01-29 22:58:42,862] INFO Updated cache from existing <empty> to latest FinalizedFeaturesAndEpoch(features=Features{}, epoch=0). (kafka.server.FinalizedFeatureCache)
[2023-01-29 22:58:42,876] INFO [ProducerId Manager 3]: Acquired new producerId block (brokerId:3,blockStartProducerId:2000,blockEndProducerId:2999) by writing to Zk with path version 3 (kafka.coordinator.transaction.ProducerIdManager)
[2023-01-29 22:58:42,877] INFO [TransactionCoordinator id=3] Starting up. (kafka.coordinator.transaction.TransactionCoordinator)
[2023-01-29 22:58:42,885] INFO [Transaction Marker Channel Manager 3]: Starting (kafka.coordinator.transaction.TransactionMarkerChannelManager)
[2023-01-29 22:58:42,886] INFO [TransactionCoordinator id=3] Startup complete. (kafka.coordinator.transaction.TransactionCoordinator)
[2023-01-29 22:58:42,893] INFO [ZooKeeperClient ACL authorizer] Initializing a new session to localhost:49618. (kafka.zookeeper.ZooKeeperClient)
[2023-01-29 22:58:42,896] INFO Initiating client connection, connectString=localhost:49618 sessionTimeout=18000 watcher=kafka.zookeeper.ZooKeeperClient$ZooKeeperClientWatcher$@4487c0c2 (org.apache.zookeeper.ZooKeeper)
[2023-01-29 22:58:42,896] INFO jute.maxbuffer value is 4194304 Bytes (org.apache.zookeeper.ClientCnxnSocket)
[2023-01-29 22:58:42,896] INFO zookeeper.request.timeout value is 0. feature enabled= (org.apache.zookeeper.ClientCnxn)
[2023-01-29 22:58:42,897] INFO [ZooKeeperClient ACL authorizer] Waiting until connected. (kafka.zookeeper.ZooKeeperClient)
[2023-01-29 22:58:42,897] INFO Opening socket connection to server localhost/127.0.0.1:49618. Will not attempt to authenticate using SASL (unknown error) (org.apache.zookeeper.ClientCnxn)
[2023-01-29 22:58:42,897] INFO Socket connection established, initiating session, client: /127.0.0.1:49660, server: localhost/127.0.0.1:49618 (org.apache.zookeeper.ClientCnxn)
[2023-01-29 22:58:42,906] INFO Session establishment complete on server localhost/127.0.0.1:49618, sessionid = 0x1005b8e7feb0005, negotiated timeout = 18000 (org.apache.zookeeper.ClientCnxn)
[2023-01-29 22:58:42,907] INFO [ZooKeeperClient ACL authorizer] Connected. (kafka.zookeeper.ZooKeeperClient)
[2023-01-29 22:58:43,056] INFO [/kafka-acl-changes-event-process-thread]: Starting (kafka.common.ZkNodeChangeNotificationListener$ChangeEventProcessThread)
[2023-01-29 22:58:43,056] INFO [/kafka-acl-extended-changes-event-process-thread]: Starting (kafka.common.ZkNodeChangeNotificationListener$ChangeEventProcessThread)
[2023-01-29 22:58:43,085] INFO [ExpirationReaper-3-AlterAcls]: Starting (kafka.server.DelayedOperationPurgatory$ExpiredOperationReaper)
[2023-01-29 22:58:43,098] INFO [/config/changes-event-process-thread]: Starting (kafka.common.ZkNodeChangeNotificationListener$ChangeEventProcessThread)
[2023-01-29 22:58:43,104] INFO [SocketServer listenerType=ZK_BROKER, nodeId=3] Starting socket server acceptors and processors (kafka.network.SocketServer)
[2023-01-29 22:58:43,106] INFO [SocketServer listenerType=ZK_BROKER, nodeId=3] Started data-plane acceptor and processor(s) for endpoint : ListenerName(PLAINTEXT) (kafka.network.SocketServer)
[2023-01-29 22:58:43,107] INFO [SocketServer listenerType=ZK_BROKER, nodeId=3] Started data-plane acceptor and processor(s) for endpoint : ListenerName(DOCKER) (kafka.network.SocketServer)
[2023-01-29 22:58:43,107] INFO [SocketServer listenerType=ZK_BROKER, nodeId=3] Started socket server acceptors and processors (kafka.network.SocketServer)
[2023-01-29 22:58:43,112] INFO Kafka version: 2.8.1 (org.apache.kafka.common.utils.AppInfoParser)
[2023-01-29 22:58:43,112] INFO Kafka commitId: 839b886f9b732b15 (org.apache.kafka.common.utils.AppInfoParser)
[2023-01-29 22:58:43,112] INFO Kafka startTimeMs: 1675013323107 (org.apache.kafka.common.utils.AppInfoParser)
[2023-01-29 22:58:43,113] INFO [KafkaServer id=3] started (kafka.server.KafkaServer)
[2023-01-29 22:58:43,138] INFO [broker-3-to-controller-send-thread]: Recorded new controller, from now on will use broker localhost:49622 (id: 3 rack: RACK3) (kafka.server.BrokerToControllerRequestThread)
[2023-01-29 22:59:37,855] INFO [ReplicaFetcherManager on broker 3] Removed fetcher for partitions Set(test-2) (kafka.server.ReplicaFetcherManager)
[2023-01-29 22:59:37,889] INFO [Log partition=test-2, dir=/Users/pvemula/Desktop/conf/librdkafka/tmp-KafkaCluster/KafkaCluster/75013297/KafkaBrokerApp/3/logs] Loading producer state till offset 0 with message format version 2 (kafka.log.Log)
[2023-01-29 22:59:37,891] INFO Created log for partition test-2 in /Users/pvemula/Desktop/conf/librdkafka/tmp-KafkaCluster/KafkaCluster/75013297/KafkaBrokerApp/3/logs/test-2 with properties {} (kafka.log.LogManager)
[2023-01-29 22:59:37,892] INFO [Partition test-2 broker=3] No checkpointed highwatermark is found for partition test-2 (kafka.cluster.Partition)
[2023-01-29 22:59:37,893] INFO [Partition test-2 broker=3] Log loaded for partition test-2 with initial high watermark 0 (kafka.cluster.Partition)
[2023-01-29 22:59:37,911] INFO [Log partition=test-3, dir=/Users/pvemula/Desktop/conf/librdkafka/tmp-KafkaCluster/KafkaCluster/75013297/KafkaBrokerApp/3/logs] Loading producer state till offset 0 with message format version 2 (kafka.log.Log)
[2023-01-29 22:59:37,911] INFO Created log for partition test-3 in /Users/pvemula/Desktop/conf/librdkafka/tmp-KafkaCluster/KafkaCluster/75013297/KafkaBrokerApp/3/logs/test-3 with properties {} (kafka.log.LogManager)
[2023-01-29 22:59:37,912] INFO [Partition test-3 broker=3] No checkpointed highwatermark is found for partition test-3 (kafka.cluster.Partition)
[2023-01-29 22:59:37,912] INFO [Partition test-3 broker=3] Log loaded for partition test-3 with initial high watermark 0 (kafka.cluster.Partition)
[2023-01-29 22:59:37,916] INFO [Log partition=test-0, dir=/Users/pvemula/Desktop/conf/librdkafka/tmp-KafkaCluster/KafkaCluster/75013297/KafkaBrokerApp/3/logs] Loading producer state till offset 0 with message format version 2 (kafka.log.Log)
[2023-01-29 22:59:37,916] INFO Created log for partition test-0 in /Users/pvemula/Desktop/conf/librdkafka/tmp-KafkaCluster/KafkaCluster/75013297/KafkaBrokerApp/3/logs/test-0 with properties {} (kafka.log.LogManager)
[2023-01-29 22:59:37,916] INFO [Partition test-0 broker=3] No checkpointed highwatermark is found for partition test-0 (kafka.cluster.Partition)
[2023-01-29 22:59:37,916] INFO [Partition test-0 broker=3] Log loaded for partition test-0 with initial high watermark 0 (kafka.cluster.Partition)
[2023-01-29 22:59:37,919] INFO [Log partition=test-1, dir=/Users/pvemula/Desktop/conf/librdkafka/tmp-KafkaCluster/KafkaCluster/75013297/KafkaBrokerApp/3/logs] Loading producer state till offset 0 with message format version 2 (kafka.log.Log)
[2023-01-29 22:59:37,919] INFO Created log for partition test-1 in /Users/pvemula/Desktop/conf/librdkafka/tmp-KafkaCluster/KafkaCluster/75013297/KafkaBrokerApp/3/logs/test-1 with properties {} (kafka.log.LogManager)
[2023-01-29 22:59:37,919] INFO [Partition test-1 broker=3] No checkpointed highwatermark is found for partition test-1 (kafka.cluster.Partition)
[2023-01-29 22:59:37,919] INFO [Partition test-1 broker=3] Log loaded for partition test-1 with initial high watermark 0 (kafka.cluster.Partition)
[2023-01-29 22:59:37,919] INFO [ReplicaFetcherManager on broker 3] Removed fetcher for partitions Set(test-0, test-3, test-1) (kafka.server.ReplicaFetcherManager)
[2023-01-29 22:59:37,929] INFO [ReplicaFetcher replicaId=3, leaderId=4, fetcherId=0] Starting (kafka.server.ReplicaFetcherThread)
[2023-01-29 22:59:37,930] INFO [ReplicaFetcherManager on broker 3] Added fetcher to broker 4 for partitions Map(test-3 -> InitialFetchState(BrokerEndPoint(id=4, host=localhost:49625),0,0), test-0 -> InitialFetchState(BrokerEndPoint(id=4, host=localhost:49625),0,0)) (kafka.server.ReplicaFetcherManager)
[2023-01-29 22:59:37,931] INFO [ReplicaFetcherManager on broker 3] Added fetcher to broker 2 for partitions Map(test-1 -> InitialFetchState(BrokerEndPoint(id=2, host=localhost:49619),0,0)) (kafka.server.ReplicaFetcherManager)
[2023-01-29 22:59:37,932] INFO [ReplicaFetcher replicaId=3, leaderId=4, fetcherId=0] Truncating partition test-0 to local high watermark 0 (kafka.server.ReplicaFetcherThread)
[2023-01-29 22:59:37,931] INFO [ReplicaFetcher replicaId=3, leaderId=2, fetcherId=0] Starting (kafka.server.ReplicaFetcherThread)
[2023-01-29 22:59:37,932] INFO [ReplicaFetcher replicaId=3, leaderId=2, fetcherId=0] Truncating partition test-1 to local high watermark 0 (kafka.server.ReplicaFetcherThread)
[2023-01-29 22:59:37,933] INFO [Log partition=test-1, dir=/Users/pvemula/Desktop/conf/librdkafka/tmp-KafkaCluster/KafkaCluster/75013297/KafkaBrokerApp/3/logs] Truncating to 0 has no effect as the largest offset in the log is -1 (kafka.log.Log)
[2023-01-29 22:59:37,932] INFO [Log partition=test-0, dir=/Users/pvemula/Desktop/conf/librdkafka/tmp-KafkaCluster/KafkaCluster/75013297/KafkaBrokerApp/3/logs] Truncating to 0 has no effect as the largest offset in the log is -1 (kafka.log.Log)
[2023-01-29 22:59:37,934] INFO [ReplicaFetcher replicaId=3, leaderId=4, fetcherId=0] Truncating partition test-3 to local high watermark 0 (kafka.server.ReplicaFetcherThread)
[2023-01-29 22:59:37,934] INFO [Log partition=test-3, dir=/Users/pvemula/Desktop/conf/librdkafka/tmp-KafkaCluster/KafkaCluster/75013297/KafkaBrokerApp/3/logs] Truncating to 0 has no effect as the largest offset in the log is -1 (kafka.log.Log)
[2023-01-29 22:59:37,968] WARN [ReplicaFetcher replicaId=3, leaderId=4, fetcherId=0] Received UNKNOWN_TOPIC_OR_PARTITION from the leader for partition test-3. This error may be returned transiently when the partition is being created or deleted, but it is not expected to persist. (kafka.server.ReplicaFetcherThread)
[2023-01-29 22:59:37,968] WARN [ReplicaFetcher replicaId=3, leaderId=2, fetcherId=0] Received UNKNOWN_TOPIC_OR_PARTITION from the leader for partition test-1. This error may be returned transiently when the partition is being created or deleted, but it is not expected to persist. (kafka.server.ReplicaFetcherThread)
[2023-01-29 22:59:37,968] WARN [ReplicaFetcher replicaId=3, leaderId=4, fetcherId=0] Received UNKNOWN_TOPIC_OR_PARTITION from the leader for partition test-0. This error may be returned transiently when the partition is being created or deleted, but it is not expected to persist. (kafka.server.ReplicaFetcherThread)
[2023-01-30 13:08:48,895] INFO Terminating process due to signal SIGTERM (org.apache.kafka.common.utils.LoggingSignalHandler)
[2023-01-30 13:08:49,262] INFO [KafkaServer id=3] shutting down (kafka.server.KafkaServer)
[2023-01-30 13:08:49,280] INFO [KafkaServer id=3] Starting controlled shutdown (kafka.server.KafkaServer)
[2023-01-30 13:08:49,622] INFO Unable to read additional data from server sessionid 0x1005b8e7feb0005, likely server has closed socket, closing socket connection and attempting reconnect (org.apache.zookeeper.ClientCnxn)
[2023-01-30 13:08:49,630] WARN Session 0x1005b8e7feb0000 for server localhost/127.0.0.1:49618, unexpected error, closing socket connection and attempting reconnect (org.apache.zookeeper.ClientCnxn)
java.io.IOException: Connection reset by peer
	at java.base/sun.nio.ch.FileDispatcherImpl.read0(Native Method)
	at java.base/sun.nio.ch.SocketDispatcher.read(SocketDispatcher.java:39)
	at java.base/sun.nio.ch.IOUtil.readIntoNativeBuffer(IOUtil.java:276)
	at java.base/sun.nio.ch.IOUtil.read(IOUtil.java:233)
	at java.base/sun.nio.ch.IOUtil.read(IOUtil.java:223)
	at java.base/sun.nio.ch.SocketChannelImpl.read(SocketChannelImpl.java:356)
	at org.apache.zookeeper.ClientCnxnSocketNIO.doIO(ClientCnxnSocketNIO.java:77)
	at org.apache.zookeeper.ClientCnxnSocketNIO.doTransport(ClientCnxnSocketNIO.java:365)
	at org.apache.zookeeper.ClientCnxn$SendThread.run(ClientCnxn.java:1223)
[2023-01-30 13:08:49,782] INFO [ZooKeeperClient Kafka server] Waiting until connected. (kafka.zookeeper.ZooKeeperClient)
[2023-01-30 13:08:49,793] INFO [ZooKeeperClient Kafka server] Connected. (kafka.zookeeper.ZooKeeperClient)
[2023-01-30 13:08:50,868] INFO Opening socket connection to server localhost/0:0:0:0:0:0:0:1:49618. Will not attempt to authenticate using SASL (unknown error) (org.apache.zookeeper.ClientCnxn)
[2023-01-30 13:08:50,871] INFO Socket error occurred: localhost/0:0:0:0:0:0:0:1:49618: Connection refused (org.apache.zookeeper.ClientCnxn)
[2023-01-30 13:08:50,974] INFO [ZooKeeperClient Kafka server] Waiting until connected. (kafka.zookeeper.ZooKeeperClient)
[2023-01-30 13:08:51,718] INFO Opening socket connection to server localhost/0:0:0:0:0:0:0:1:49618. Will not attempt to authenticate using SASL (unknown error) (org.apache.zookeeper.ClientCnxn)
[2023-01-30 13:08:51,720] INFO Socket error occurred: localhost/0:0:0:0:0:0:0:1:49618: Connection refused (org.apache.zookeeper.ClientCnxn)
