[2023-01-29 22:58:42,981] INFO [Controller id=3 epoch=1] Sending UpdateMetadata request to brokers Set(2, 3, 4) for 0 partitions (state.change.logger)
[2023-01-29 22:59:37,806] INFO [Controller id=3 epoch=1] Changed partition test-2 state from NonExistentPartition to NewPartition with assigned replicas 3,4,2 (state.change.logger)
[2023-01-29 22:59:37,806] INFO [Controller id=3 epoch=1] Changed partition test-1 state from NonExistentPartition to NewPartition with assigned replicas 2,3,4 (state.change.logger)
[2023-01-29 22:59:37,806] INFO [Controller id=3 epoch=1] Changed partition test-0 state from NonExistentPartition to NewPartition with assigned replicas 4,2,3 (state.change.logger)
[2023-01-29 22:59:37,806] INFO [Controller id=3 epoch=1] Changed partition test-3 state from NonExistentPartition to NewPartition with assigned replicas 4,3,2 (state.change.logger)
[2023-01-29 22:59:37,807] INFO [Controller id=3 epoch=1] Sending UpdateMetadata request to brokers Set() for 0 partitions (state.change.logger)
[2023-01-29 22:59:37,808] INFO [Controller id=3 epoch=1] Sending UpdateMetadata request to brokers Set() for 0 partitions (state.change.logger)
[2023-01-29 22:59:37,841] INFO [Controller id=3 epoch=1] Changed partition test-2 from NewPartition to OnlinePartition with state LeaderAndIsr(leader=3, leaderEpoch=0, isr=List(3, 4, 2), zkVersion=0) (state.change.logger)
[2023-01-29 22:59:37,841] INFO [Controller id=3 epoch=1] Changed partition test-1 from NewPartition to OnlinePartition with state LeaderAndIsr(leader=2, leaderEpoch=0, isr=List(2, 3, 4), zkVersion=0) (state.change.logger)
[2023-01-29 22:59:37,841] INFO [Controller id=3 epoch=1] Changed partition test-0 from NewPartition to OnlinePartition with state LeaderAndIsr(leader=4, leaderEpoch=0, isr=List(4, 2, 3), zkVersion=0) (state.change.logger)
[2023-01-29 22:59:37,841] INFO [Controller id=3 epoch=1] Changed partition test-3 from NewPartition to OnlinePartition with state LeaderAndIsr(leader=4, leaderEpoch=0, isr=List(4, 3, 2), zkVersion=0) (state.change.logger)
[2023-01-29 22:59:37,842] INFO [Controller id=3 epoch=1] Sending LeaderAndIsr request to broker 2 with 1 become-leader and 3 become-follower partitions (state.change.logger)
[2023-01-29 22:59:37,843] INFO [Controller id=3 epoch=1] Sending LeaderAndIsr request to broker 4 with 2 become-leader and 2 become-follower partitions (state.change.logger)
[2023-01-29 22:59:37,843] INFO [Controller id=3 epoch=1] Sending LeaderAndIsr request to broker 3 with 1 become-leader and 3 become-follower partitions (state.change.logger)
[2023-01-29 22:59:37,843] INFO [Controller id=3 epoch=1] Sending UpdateMetadata request to brokers Set(2, 3, 4) for 4 partitions (state.change.logger)
[2023-01-29 22:59:37,844] INFO [Controller id=3 epoch=1] Sending UpdateMetadata request to brokers Set() for 0 partitions (state.change.logger)
[2023-01-29 22:59:37,845] INFO [Broker id=3] Handling LeaderAndIsr request correlationId 1 from controller 3 for 4 partitions (state.change.logger)
[2023-01-29 22:59:37,856] INFO [Broker id=3] Stopped fetchers as part of LeaderAndIsr request correlationId 1 from controller 3 epoch 1 as part of the become-leader transition for 1 partitions (state.change.logger)
[2023-01-29 22:59:37,893] INFO [Broker id=3] Leader test-2 starts at leader epoch 0 from offset 0 with high watermark 0 ISR [3,4,2] addingReplicas [] removingReplicas []. Previous leader epoch was -1. (state.change.logger)
[2023-01-29 22:59:37,913] INFO [Broker id=3] Follower test-3 starts at leader epoch 0 from offset 0 with high watermark 0. Previous leader epoch was -1. (state.change.logger)
[2023-01-29 22:59:37,916] INFO [Broker id=3] Follower test-0 starts at leader epoch 0 from offset 0 with high watermark 0. Previous leader epoch was -1. (state.change.logger)
[2023-01-29 22:59:37,919] INFO [Broker id=3] Follower test-1 starts at leader epoch 0 from offset 0 with high watermark 0. Previous leader epoch was -1. (state.change.logger)
[2023-01-29 22:59:37,920] INFO [Broker id=3] Stopped fetchers as part of become-follower request from controller 3 epoch 1 with correlation id 1 for 3 partitions (state.change.logger)
[2023-01-29 22:59:37,940] INFO [Broker id=3] Finished LeaderAndIsr request in 96ms correlationId 1 from controller 3 for 4 partitions (state.change.logger)
[2023-01-29 22:59:37,947] INFO [Broker id=3] Add 4 partitions and deleted 0 partitions from metadata cache in response to UpdateMetadata request sent by controller 3 epoch 1 with correlation id 2 (state.change.logger)
